<?xml version="1.0" encoding="UTF-8"?>
<!-- Generated by org.testng.reporters.JUnitReportReporter -->
<testsuite hostname="DESKTOP-3A3EDIS" failures="0" tests="1" name="com.Hrms.TestScripts.TC001" time="8.294" errors="0" timestamp="8 Feb 2022 10:40:18 GMT">
  <testcase classname="com.Hrms.TestScripts.TC001" name="tc001" time="8.294"/>
</testsuite> <!-- com.Hrms.TestScripts.TC001 -->
