<?xml version="1.0" encoding="UTF-8"?>
<!-- Generated by org.testng.reporters.JUnitReportReporter -->
<testsuite hostname="DESKTOP-3A3EDIS" failures="0" tests="1" name="com.Hrms.TestScripts.TC002" time="12.321" errors="0" timestamp="8 Feb 2022 10:37:27 GMT">
  <testcase classname="com.Hrms.TestScripts.TC002" name="tc002" time="12.321"/>
</testsuite> <!-- com.Hrms.TestScripts.TC002 -->
