<?xml version="1.0" encoding="UTF-8"?>
<!-- Generated by org.testng.reporters.JUnitReportReporter -->
<testsuite hostname="DESKTOP-3A3EDIS" failures="0" tests="1" name="com.Hrms.TestScripts.TC004" time="9.647" errors="0" timestamp="8 Feb 2022 10:45:52 GMT">
  <testcase classname="com.Hrms.TestScripts.TC004" name="tc004" time="9.647"/>
</testsuite> <!-- com.Hrms.TestScripts.TC004 -->
