<?xml version="1.0" encoding="UTF-8"?>
<!-- Generated by org.testng.reporters.JUnitReportReporter -->
<testsuite hostname="DESKTOP-3A3EDIS" failures="0" tests="1" name="com.Hrms.TestScripts.TC003" time="14.386" errors="0" timestamp="8 Feb 2022 10:37:27 GMT">
  <testcase classname="com.Hrms.TestScripts.TC003" name="tc003" time="14.386"/>
</testsuite> <!-- com.Hrms.TestScripts.TC003 -->
